proguard_logs/seeds.txt
com.silverkeytech.android_rivers.BookmarkCollectionActivity
com.silverkeytech.android_rivers.BookmarkCollectionActivity: BookmarkCollectionActivity()
com.silverkeytech.android_rivers.CollectionListFragment
com.silverkeytech.android_rivers.CollectionListFragment: CollectionListFragment()
com.silverkeytech.android_rivers.DownloadAllRiversService
com.silverkeytech.android_rivers.DownloadAllRiversService: DownloadAllRiversService()
com.silverkeytech.android_rivers.DownloadService
com.silverkeytech.android_rivers.DownloadService: DownloadService()
com.silverkeytech.android_rivers.Duration: com.silverkeytech.android_rivers.Duration[] values()
com.silverkeytech.android_rivers.Duration: com.silverkeytech.android_rivers.Duration valueOf(java.lang.String)
com.silverkeytech.android_rivers.FeedActivity
com.silverkeytech.android_rivers.FeedActivity: FeedActivity()
com.silverkeytech.android_rivers.ImportOpmlSubscriptionListService
com.silverkeytech.android_rivers.ImportOpmlSubscriptionListService: ImportOpmlSubscriptionListService()
com.silverkeytech.android_rivers.MainActivityMode: com.silverkeytech.android_rivers.MainActivityMode[] values()
com.silverkeytech.android_rivers.MainActivityMode: com.silverkeytech.android_rivers.MainActivityMode valueOf(java.lang.String)
com.silverkeytech.android_rivers.MainApplication
com.silverkeytech.android_rivers.MainApplication: MainApplication()
com.silverkeytech.android_rivers.MainWithFragmentsActivity
com.silverkeytech.android_rivers.MainWithFragmentsActivity: MainWithFragmentsActivity()
com.silverkeytech.android_rivers.OutlinerActivity
com.silverkeytech.android_rivers.OutlinerActivity: OutlinerActivity()
com.silverkeytech.android_rivers.PodcastListFragment
com.silverkeytech.android_rivers.PodcastListFragment: PodcastListFragment()
com.silverkeytech.android_rivers.R$anim: int dialog_enter
com.silverkeytech.android_rivers.R$anim: int dialog_exit
com.silverkeytech.android_rivers.R$anim: int fade_in
com.silverkeytech.android_rivers.R$anim: int fade_out
com.silverkeytech.android_rivers.R$anim: int grow_fade_in
com.silverkeytech.android_rivers.R$anim: int grow_fade_in_center
com.silverkeytech.android_rivers.R$anim: int grow_fade_in_from_bottom
com.silverkeytech.android_rivers.R$anim: int shrink_fade_out
com.silverkeytech.android_rivers.R$anim: int shrink_fade_out_center
com.silverkeytech.android_rivers.R$anim: int shrink_fade_out_from_bottom
com.silverkeytech.android_rivers.R$attr: int actionBarDivider
com.silverkeytech.android_rivers.R$attr: int actionBarItemBackground
com.silverkeytech.android_rivers.R$attr: int actionBarSize
com.silverkeytech.android_rivers.R$attr: int actionBarSplitStyle
com.silverkeytech.android_rivers.R$attr: int actionBarStyle
com.silverkeytech.android_rivers.R$attr: int actionBarTabBarStyle
com.silverkeytech.android_rivers.R$attr: int actionBarTabStyle
com.silverkeytech.android_rivers.R$attr: int actionBarTabTextStyle
com.silverkeytech.android_rivers.R$attr: int actionBarWidgetTheme
com.silverkeytech.android_rivers.R$attr: int actionButtonStyle
com.silverkeytech.android_rivers.R$attr: int actionDropDownStyle
com.silverkeytech.android_rivers.R$attr: int actionMenuTextAppearance
com.silverkeytech.android_rivers.R$attr: int actionMenuTextColor
com.silverkeytech.android_rivers.R$attr: int actionModeBackground
com.silverkeytech.android_rivers.R$attr: int actionModeCloseButtonStyle
com.silverkeytech.android_rivers.R$attr: int actionModeCloseDrawable
com.silverkeytech.android_rivers.R$attr: int actionModePopupWindowStyle
com.silverkeytech.android_rivers.R$attr: int actionModeShareDrawable
com.silverkeytech.android_rivers.R$attr: int actionModeSplitBackground
com.silverkeytech.android_rivers.R$attr: int actionModeStyle
com.silverkeytech.android_rivers.R$attr: int actionOverflowButtonStyle
com.silverkeytech.android_rivers.R$attr: int actionSpinnerItemStyle
...
org.holoeverywhere.preference._SharedPreferencesImpl_JSON$EditorImpl
org.holoeverywhere.preference._SharedPreferencesImpl_JSON$FutureJSONManipulate
org.holoeverywhere.preference._SharedPreferencesImpl_JSON$ImplReference
org.holoeverywhere.preference._SharedPreferencesImpl_JSON$PutValueJSONManipulate
org.holoeverywhere.preference._SharedPreferencesImpl_JSON$RemoveValueJSONManipulate
org.holoeverywhere.preference._SharedPreferencesImpl_XML
org.holoeverywhere.preference._SharedPreferencesImpl_XML$EditorImpl
org.holoeverywhere.preference._SharedPreferencesImpl_XML$ListenerWrapper
org.holoeverywhere.util.SparseIntArray
org.holoeverywhere.util.SparseIntArray: android.os.Parcelable$Creator CREATOR
org.holoeverywhere.widget.AbsSeekBar
org.holoeverywhere.widget.AbsSeekBar: AbsSeekBar(android.content.Context)
org.holoeverywhere.widget.AbsSeekBar: AbsSeekBar(android.content.Context,android.util.AttributeSet)
org.holoeverywhere.widget.AbsSeekBar: AbsSeekBar(android.content.Context,android.util.AttributeSet,int)
org.holoeverywhere.widget.AbsSeekBar: int getKeyProgressIncrement()
org.holoeverywhere.widget.AbsSeekBar: android.graphics.drawable.Drawable getThumb()
org.holoeverywhere.widget.AbsSeekBar: int getThumbOffset()
org.holoeverywhere.widget.AbsSeekBar: void setKeyProgressIncrement(int)
org.holoeverywhere.widget.AbsSeekBar: void setMax(int)
org.holoeverywhere.widget.AbsSeekBar: void setThumb(android.graphics.drawable.Drawable)
org.holoeverywhere.widget.AbsSeekBar: void setThumbOffset(int)
org.holoeverywhere.widget.AbsSpinner
org.holoeverywhere.widget.AbsSpinner: AbsSpinner(android.content.Context)
org.holoeverywhere.widget.AbsSpinner: AbsSpinner(android.content.Context,android.util.AttributeSet)
org.holoeverywhere.widget.AbsSpinner: AbsSpinner(android.content.Context,android.util.AttributeSet,int)
org.holoeverywhere.widget.AbsSpinner: android.widget.SpinnerAdapter getAdapter()
org.holoeverywhere.widget.AbsSpinner: int getCount()
org.holoeverywhere.widget.AbsSpinner: android.view.View getSelectedView()
org.holoeverywhere.widget.AbsSpinner: void setAdapter(android.widget.SpinnerAdapter)
org.holoeverywhere.widget.AbsSpinner: void setSelection(int)
org.holoeverywhere.widget.AbsSpinner: void setSelection(int,boolean)
org.holoeverywhere.widget.AbsSpinner: void setAdapter(android.widget.Adapter)
org.holoeverywhere.widget.AbsSpinner: android.widget.Adapter getAdapter()
org.holoeverywhere.widget.AbsSpinner$SavedState
org.holoeverywhere.widget.AbsSpinner$SavedState: android.os.Parcelable$Creator CREATOR