proguard_logs/mapping.txt
com.silverkeytech.android_rivers.Android_riversPackage -> com.silverkeytech.android_rivers.a:
    java.lang.String LOCAL_URL -> a
    com.silverkeytech.android_rivers.MainApplication getMain(android.app.Service) -> a
    com.silverkeytech.android_rivers.MainApplication getMain(org.holoeverywhere.app.Activity) -> a
    int getStandardDialogBackgroundColor(org.holoeverywhere.app.Activity) -> b
    android.view.View findView(org.holoeverywhere.app.Activity,int) -> a
    void restart(org.holoeverywhere.app.Activity) -> c
    void toastee(org.holoeverywhere.app.Activity,java.lang.String,com.silverkeytech.android_rivers.Duration,int) -> a
    void toastee$default(org.holoeverywhere.app.Activity,java.lang.String,com.silverkeytech.android_rivers.Duration,int,int) -> a
    android.support.v4.app.Fragment findFragmentById(org.holoeverywhere.app.Activity,int) -> b
    android.support.v4.app.FragmentTransaction beginFragmentTransaction(org.holoeverywhere.app.Activity) -> d
    void handleConnectivityError(org.holoeverywhere.app.Activity,java.lang.Exception,com.silverkeytech.android_rivers.ConnectivityErrorMessage) -> a
    void showCollectionQuickActionPopup(com.silverkeytech.android_rivers.BookmarkCollectionActivity,com.silverkeytech.android_rivers.db.Bookmark,android.view.View,android.view.View) -> a
    android.content.DialogInterface$OnClickListener dlgClickListener(jet.Function2) -> a
com.silverkeytech.android_rivers.Android_riversPackage$OnClickListener$1 -> com.silverkeytech.android_rivers.b:
    jet.Function1 $action -> a
    void onClick(android.view.View) -> onClick
com.silverkeytech.android_rivers.Android_riversPackage$createConfirmationDialog$1 -> com.silverkeytech.android_rivers.c:
    jet.Function0 $positive -> a
    java.lang.Object invoke(java.lang.Object,java.lang.Object) -> a
    void invoke(android.content.DialogInterface,int) -> a
com.silverkeytech.android_rivers.Android_riversPackage$createConfirmationDialog$2 -> com.silverkeytech.android_rivers.d:
    jet.Function0 $negative -> a
    java.lang.Object invoke(java.lang.Object,java.lang.Object) -> a
    void invoke(android.content.DialogInterface,int) -> a
com.silverkeytech.android_rivers.Android_riversPackage$createSingleInputDialog$1 -> com.silverkeytech.android_rivers.e:
    jet.Function2 $action -> a
    jet.runtime.SharedVar$Object $inputUrl -> b
    java.lang.Object invoke(java.lang.Object,java.lang.Object) -> a
    void invoke(android.content.DialogInterface,int) -> a
com.silverkeytech.android_rivers.Android_riversPackage$createSingleInputDialog$2 -> com.silverkeytech.android_rivers.f:
    com.silverkeytech.android_rivers.Android_riversPackage$createSingleInputDialog$2 $instance -> a
    java.lang.Object invoke(java.lang.Object,java.lang.Object) -> a
    void invoke(android.content.DialogInterface,int) -> a
com.silverkeytech.android_rivers.Android_riversPackage$dlgClickListener$1 -> com.silverkeytech.android_rivers.g:
    jet.Function2 $action -> a
    void onClick(android.content.DialogInterface,int) -> onClick
com.silverkeytech.android_rivers.Android_riversPackage$downloadOpml$1 -> com.silverkeytech.android_rivers.h:
    org.holoeverywhere.app.Activity $context -> a
    java.lang.String $title -> b
    java.lang.String $url -> c
    java.lang.Object invoke(java.lang.Object) -> a
    void invoke(com.silverkeytech.android_rivers.Result) -> a
com.silverkeytech.android_rivers.Android_riversPackage$downloadOpml$2 -> com.silverkeytech.android_rivers.i:
    com.silverkeytech.android_rivers.Android_riversPackage$downloadOpml$2 $instance -> a
    java.lang.Object invoke(java.lang.Object) -> a
    boolean invoke(com.silverkeytech.android_rivers.outlines.Outline) -> a
...
org.holoeverywhere.widget.NumberPicker$1 -> org.holoeverywhere.widget.bz:
    java.lang.Object[] mArgs -> a
    java.lang.StringBuilder mBuilder -> b
    java.util.Formatter mFmt -> c
    java.lang.String format(int) -> a
org.holoeverywhere.widget.NumberPicker$BeginSoftInputOnLongPressCommand -> org.holoeverywhere.widget.ca:
    org.holoeverywhere.widget.NumberPicker this$0 -> a
    void run() -> run
org.holoeverywhere.widget.NumberPicker$ChangeCurrentByOneFromLongPressCommand -> org.holoeverywhere.widget.cb:
    boolean mIncrement -> b
    org.holoeverywhere.widget.NumberPicker this$0 -> a
    void run() -> run
    void setStep(boolean) -> a
    void access$1700(org.holoeverywhere.widget.NumberPicker$ChangeCurrentByOneFromLongPressCommand,boolean) -> a
org.holoeverywhere.widget.NumberPicker$Formatter -> org.holoeverywhere.widget.cc:
    java.lang.String format(int) -> a
org.holoeverywhere.widget.NumberPicker$OnScrollListener -> org.holoeverywhere.widget.cd:
    void onScrollStateChange(org.holoeverywhere.widget.NumberPicker,int) -> a
org.holoeverywhere.widget.NumberPicker$OnValueChangeListener -> org.holoeverywhere.widget.ce:
    void onValueChange(org.holoeverywhere.widget.NumberPicker,int,int) -> a
org.holoeverywhere.widget.NumberPicker$PressedStateHelper -> org.holoeverywhere.widget.cf:
    int mManagedButton -> b
    int mMode -> c
    org.holoeverywhere.widget.NumberPicker this$0 -> a
    void buttonPressDelayed(int) -> a
    void buttonTapped(int) -> b
    void cancel() -> a
    void run() -> run
org.holoeverywhere.widget.NumberPicker$SetSelectionCommand -> org.holoeverywhere.widget.cg:
    int mSelectionEnd -> b
    int mSelectionStart -> c
    org.holoeverywhere.widget.NumberPicker this$0 -> a
    void run() -> run
org.holoeverywhere.widget.ProgressBar -> org.holoeverywhere.widget.ProgressBar:
    org.holoeverywhere.widget.ProgressBar$AccessibilityEventSender mAccessibilityEventSender -> a
    android.view.animation.AlphaAnimation mAnimation -> b
    boolean mAttached -> g
    int mBehavior -> h
    android.graphics.drawable.Drawable mCurrentDrawable -> i
    int mDuration -> j
    boolean mHasAnimation -> k
    boolean mIndeterminate -> l
    android.graphics.drawable.Drawable mIndeterminateDrawable -> m
    boolean mInDrawing -> n
    android.view.animation.Interpolator mInterpolator -> o
    int mMax -> p
    int mMinWidth -> c
    int mMaxWidth -> d
    int mMinHeight -> e
    int mMaxHeight -> f
    boolean mNoInvalidate -> q
    boolean mOnlyIndeterminate -> r
    int mProgress -> s
    android.graphics.drawable.Drawable mProgressDrawable -> t
    java.util.ArrayList mRefreshData -> u
    boolean mRefreshIsPosted -> v
    org.holoeverywhere.widget.ProgressBar$RefreshProgressRunnable mRefreshProgressRunnable -> w
    int mSecondaryProgress -> x
    boolean mShouldStartAnimationDrawable -> y
    android.view.animation.Transformation mTransformation -> z
    long mUiThreadId -> A
    void doRefreshProgress(int,int,boolean,boolean) -> a
    void drawableStateChanged() -> drawableStateChanged
    android.graphics.drawable.Drawable getCurrentDrawable() -> getCurrentDrawable
    android.graphics.drawable.shapes.Shape getDrawableShape() -> getDrawableShape
org.holoeverywhere.widget.ProgressBar$1 -> org.holoeverywhere.widget.ch:
org.holoeverywhere.widget.ProgressBar$AccessibilityEventSender -> org.holoeverywhere.widget.ci:
    org.holoeverywhere.widget.ProgressBar this$0 -> a
    void run() -> run