proguard_logs/usage.txt
com.silverkeytech.android_rivers.Android_riversPackage:
    1:1:public static final boolean isModernTablet(org.holoeverywhere.app.Activity)
    public static final java.lang.String getLOCAL_URL()
    1:1:public static final com.silverkeytech.android_rivers.Result googleShorten(java.lang.String)
    1:1:public static final java.util.Date parseRFC3339DateFormat(java.lang.String)
    1:1:public static final java.util.Date hoursBeforeNow(int)
    1:1:public static final boolean isNetworkAvailable(android.content.Context)
com.silverkeytech.android_rivers.Android_riversPackage$src$Activities$726074596:
    60:61:public static final boolean isModernTablet(org.holoeverywhere.app.Activity)
    70:70:public static synthetic void toastee$default(org.holoeverywhere.app.Activity,java.lang.String,com.silverkeytech.android_rivers.Duration,int,int)
com.silverkeytech.android_rivers.Android_riversPackage$src$UrlShortener$2000422318
com.silverkeytech.android_rivers.Android_riversPackage$src$Utils$2068592044:
    49:49:public static final java.util.Date parseRFC3339DateFormat(java.lang.String)
    84:86:public static final java.util.Date hoursBeforeNow(int)
    110:112:public static final boolean isNetworkAvailable(android.content.Context)
com.silverkeytech.android_rivers.BookmarkCollectionActivity:
    public final java.lang.String getCollectionTitle()
    public final void setCollectionTitle(java.lang.String)
    public final int getCollectionId()
    public final void setCollectionId(int)
com.silverkeytech.android_rivers.BookmarkCollectionActivity$object
com.silverkeytech.android_rivers.BookmarkCollectionRenderer$ViewHolder:
    public final void setName(android.widget.TextView)
    public final android.widget.TextView component1()
    public final com.silverkeytech.android_rivers.BookmarkCollectionRenderer$ViewHolder copy(android.widget.TextView)
    public static synthetic com.silverkeytech.android_rivers.BookmarkCollectionRenderer$ViewHolder copy$default(com.silverkeytech.android_rivers.BookmarkCollectionRenderer$ViewHolder,android.widget.TextView,int)
com.silverkeytech.android_rivers.BuildConfig
com.silverkeytech.android_rivers.CacheItem:
    public final long getExpireIn()
    public final void setExpireIn(long)
    public final java.lang.Object component1()
    public final com.silverkeytech.android_rivers.CacheItem copy(java.lang.Object)
    public static synthetic com.silverkeytech.android_rivers.CacheItem copy$default(com.silverkeytech.android_rivers.CacheItem,java.lang.Object,int)
com.silverkeytech.android_rivers.CollectionListFragment:
    public final void setParent(org.holoeverywhere.app.Activity)
com.silverkeytech.android_rivers.CollectionListFragment$ViewHolder:
    public final void setName(android.widget.TextView)
    public final android.widget.TextView component1()
    public final com.silverkeytech.android_rivers.CollectionListFragment$ViewHolder copy(android.widget.TextView)
    public static synthetic com.silverkeytech.android_rivers.CollectionListFragment$ViewHolder copy$default(com.silverkeytech.android_rivers.CollectionListFragment$ViewHolder,android.widget.TextView,int)
com.silverkeytech.android_rivers.ConnectivityErrorMessage:
    public final java.lang.String component1()
    public final java.lang.String component2()
    public final java.lang.String component3()
    public final com.silverkeytech.android_rivers.ConnectivityErrorMessage copy(java.lang.String,java.lang.String,java.lang.String)
    public static synthetic com.silverkeytech.android_rivers.ConnectivityErrorMessage copy$default(com.silverkeytech.android_rivers.ConnectivityErrorMessage,java.lang.String,java.lang.String,java.lang.String,int)
com.silverkeytech.android_rivers.ContentPreference:
    public final org.holoeverywhere.preference.SharedPreferences getPref()
...
android.support.v4.view.MenuCompat$MenuVersionImpl
android.support.v4.view.MenuItemCompat
android.support.v4.view.MenuItemCompat$BaseMenuVersionImpl
android.support.v4.view.MenuItemCompat$HoneycombMenuVersionImpl
android.support.v4.view.MenuItemCompat$MenuVersionImpl
android.support.v4.view.MenuItemCompatHoneycomb
android.support.v4.view.MotionEventCompat:
    public static final int ACTION_MASK
    public static final int ACTION_POINTER_DOWN
    public static final int ACTION_POINTER_UP
    public static final int ACTION_HOVER_MOVE
    public static final int ACTION_SCROLL
    public static final int ACTION_POINTER_INDEX_MASK
    public static final int ACTION_POINTER_INDEX_SHIFT
    public static final int ACTION_HOVER_ENTER
    public static final int ACTION_HOVER_EXIT
    25:80:public MotionEventCompat()
    236:236:public static int getPointerCount(android.view.MotionEvent)
android.support.v4.view.MotionEventCompat$BaseMotionEventVersionImpl:
    73:73:public int getPointerCount(android.view.MotionEvent)
android.support.v4.view.MotionEventCompat$EclairMotionEventVersionImpl:
    99:99:public int getPointerCount(android.view.MotionEvent)
android.support.v4.view.MotionEventCompat$MotionEventVersionImpl:
    public abstract int getPointerCount(android.view.MotionEvent)
android.support.v4.view.MotionEventCompatEclair:
    24:24:MotionEventCompatEclair()
    38:38:public static int getPointerCount(android.view.MotionEvent)
android.support.v4.view.PagerAdapter:
    public static final int POSITION_UNCHANGED
    public static final int POSITION_NONE
    276:277:public void notifyDataSetChanged()
android.support.v4.view.PagerTabStrip:
    private static final java.lang.String TAG
    private static final int INDICATOR_HEIGHT
    private static final int MIN_PADDING_BOTTOM
    private static final int TAB_PADDING
    private static final int TAB_SPACING
    private static final int MIN_TEXT_SPACING
    private static final int FULL_UNDERLINE_HEIGHT
    private static final int MIN_STRIP_HEIGHT
android.support.v4.view.PagerTitleStrip:
    private static final java.lang.String TAG
    private static final float SIDE_ALPHA
    private static final int TEXT_SPACING
android.support.v4.view.PagerTitleStripIcs:
    26:31:PagerTitleStripIcs()
android.support.v4.view.PagerTitleStripIcs$SingleLineAllCapsTransform:
    private static final java.lang.String TAG
android.support.v4.view.VelocityTrackerCompat:
    25:51:public VelocityTrackerCompat()
    91:91:public static float getYVelocity(android.view.VelocityTracker,int)
android.support.v4.view.VelocityTrackerCompat$BaseVelocityTrackerVersionImpl:
    44:44:public float getYVelocity(android.view.VelocityTracker,int)
android.support.v4.view.VelocityTrackerCompat$HoneycombVelocityTrackerVersionImpl:
    58:58:public float getYVelocity(android.view.VelocityTracker,int)
android.support.v4.view.VelocityTrackerCompat$VelocityTrackerVersionImpl:
    public abstract float getYVelocity(android.view.VelocityTracker,int)
android.support.v4.view.VelocityTrackerCompatHoneycomb:
    24:24:VelocityTrackerCompatHoneycomb()
    29:29:public static float getYVelocity(android.view.VelocityTracker,int)